{
  "stats": {
    "suites": 22,
    "tests": 69,
    "passes": 69,
    "pending": 0,
    "failures": 0,
    "start": "2022-10-15T04:57:15.290Z",
    "end": "2022-10-15T04:57:52.986Z",
    "duration": 37696,
    "testsRegistered": 69,
    "passPercent": 100,
    "pendingPercent": 0,
    "other": 0,
    "hasOther": false,
    "skipped": 0,
    "hasSkipped": false
  },
  "results": [
    {
      "uuid": "abf4ee3d-7af6-4d48-8d7d-df16d57c1e5b",
      "title": "",
      "fullFile": "cypress/integration/project.spec.js",
      "file": "cypress/integration/project.spec.js",
      "beforeHooks": [],
      "afterHooks": [],
      "tests": [],
      "suites": [
        {
          "uuid": "260c9645-d773-4b47-a0e5-c25bf1b376e3",
          "title": "Trybewarts",
          "fullFile": "",
          "file": "",
          "beforeHooks": [],
          "afterHooks": [],
          "tests": [],
          "suites": [
            {
              "uuid": "7817e6e3-684c-45f8-ac54-16424a983de1",
              "title": "1 - Crie uma barra verde na parte superior da página",
              "fullFile": "",
              "file": "",
              "beforeHooks": [],
              "afterHooks": [],
              "tests": [
                {
                  "title": "A barra possui a classe `header`",
                  "fullTitle": "Trybewarts 1 - Crie uma barra verde na parte superior da página A barra possui a classe `header`",
                  "timedOut": null,
                  "duration": 279,
                  "state": "passed",
                  "speed": "fast",
                  "pass": true,
                  "fail": false,
                  "pending": false,
                  "context": null,
                  "code": "cy.get(TOP_BAR_SELECTOR).should('exist');",
                  "err": {},
                  "uuid": "df30bef3-eac3-459d-9dbc-9343fd26de09",
                  "parentUUID": "7817e6e3-684c-45f8-ac54-16424a983de1",
                  "isHook": false,
                  "skipped": false
                },
                {
                  "title": "A classe `header` deve determinar que o elemento é um flex container",
                  "fullTitle": "Trybewarts 1 - Crie uma barra verde na parte superior da página A classe `header` deve determinar que o elemento é um flex container",
                  "timedOut": null,
                  "duration": 125,
                  "state": "passed",
                  "speed": "fast",
                  "pass": true,
                  "fail": false,
                  "pending": false,
                  "context": null,
                  "code": "cy.get(TOP_BAR_SELECTOR).should('have.css', 'display', 'flex');",
                  "err": {},
                  "uuid": "860cdacc-726e-4b82-92bb-82514ff3ae21",
                  "parentUUID": "7817e6e3-684c-45f8-ac54-16424a983de1",
                  "isHook": false,
                  "skipped": false
                },
                {
                  "title": "A classe header deve possuir a propriedade `background-color: rgb(50, 167, 145)`",
                  "fullTitle": "Trybewarts 1 - Crie uma barra verde na parte superior da página A classe header deve possuir a propriedade `background-color: rgb(50, 167, 145)`",
                  "timedOut": null,
                  "duration": 115,
                  "state": "passed",
                  "speed": "fast",
                  "pass": true,
                  "fail": false,
                  "pending": false,
                  "context": null,
                  "code": "cy.get(TOP_BAR_SELECTOR).should('have.css', 'background-color', 'rgb(50, 167, 145)');",
                  "err": {},
                  "uuid": "15b074d0-cdd7-4056-aeee-92ee560aab92",
                  "parentUUID": "7817e6e3-684c-45f8-ac54-16424a983de1",
                  "isHook": false,
                  "skipped": false
                }
              ],
              "suites": [],
              "passes": [
                "df30bef3-eac3-459d-9dbc-9343fd26de09",
                "860cdacc-726e-4b82-92bb-82514ff3ae21",
                "15b074d0-cdd7-4056-aeee-92ee560aab92"
              ],
              "failures": [],
              "pending": [],
              "skipped": [],
              "duration": 519,
              "root": false,
              "rootEmpty": false,
              "_timeout": 2000
            },
            {
              "uuid": "b666bbde-f3f7-4a23-8083-652b3d916bdf",
              "title": "2 - Adicione o logotipo da Trybewarts",
              "fullFile": "",
              "file": "",
              "beforeHooks": [],
              "afterHooks": [],
              "tests": [
                {
                  "title": "Existe um elemento img com a classe `trybewarts-header-logo`",
                  "fullTitle": "Trybewarts 2 - Adicione o logotipo da Trybewarts Existe um elemento img com a classe `trybewarts-header-logo`",
                  "timedOut": null,
                  "duration": 139,
                  "state": "passed",
                  "speed": "fast",
                  "pass": true,
                  "fail": false,
                  "pending": false,
                  "context": null,
                  "code": "cy.get(TRYBEWARTS_LOGO_SELECTOR).should('exist');",
                  "err": {},
                  "uuid": "2e1f0b73-fb62-4c2b-90a9-32d32c31e99c",
                  "parentUUID": "b666bbde-f3f7-4a23-8083-652b3d916bdf",
                  "isHook": false,
                  "skipped": false
                },
                {
                  "title": "O atributo src do logotipo aponta para images/trybewarts-header-logo.svg",
                  "fullTitle": "Trybewarts 2 - Adicione o logotipo da Trybewarts O atributo src do logotipo aponta para images/trybewarts-header-logo.svg",
                  "timedOut": null,
                  "duration": 120,
                  "state": "passed",
                  "speed": "fast",
                  "pass": true,
                  "fail": false,
                  "pending": false,
                  "context": null,
                  "code": "cy.get(TRYBEWARTS_LOGO_SELECTOR).should('have.attr', 'src').and('match', /images\\/trybewarts-header-logo\\.svg/);",
                  "err": {},
                  "uuid": "539fb2a6-bb39-44fd-a085-571787456af4",
                  "parentUUID": "b666bbde-f3f7-4a23-8083-652b3d916bdf",
                  "isHook": false,
                  "skipped": false
                }
              ],
              "suites": [],
              "passes": [
                "2e1f0b73-fb62-4c2b-90a9-32d32c31e99c",
                "539fb2a6-bb39-44fd-a085-571787456af4"
              ],
              "failures": [],
              "pending": [],
              "skipped": [],
              "duration": 259,
              "root": false,
              "rootEmpty": false,
              "_timeout": 2000
            },
            {
              "uuid": "a5ee8544-0656-4735-8c68-dce7e4de8f57",
              "title": "3 - Acrescente um formulário de login dentro do `header`, do lado direito",
              "fullFile": "",
              "file": "",
              "beforeHooks": [],
              "afterHooks": [],
              "tests": [
                {
                  "title": "Existe um formulário com a classe \"trybewarts-login\"",
                  "fullTitle": "Trybewarts 3 - Acrescente um formulário de login dentro do `header`, do lado direito Existe um formulário com a classe \"trybewarts-login\"",
                  "timedOut": null,
                  "duration": 166,
                  "state": "passed",
                  "speed": "fast",
                  "pass": true,
                  "fail": false,
                  "pending": false,
                  "context": null,
                  "code": "cy.get(TRYBEWARTS_LOGIN_FORM_SELECTOR).should('exist');",
                  "err": {},
                  "uuid": "b9977409-29b1-464b-b448-607ef8661345",
                  "parentUUID": "a5ee8544-0656-4735-8c68-dce7e4de8f57",
                  "isHook": false,
                  "skipped": false
                },
                {
                  "title": "Existe um input com o atributo name igual a \"email\" e o placeholder igual a \"Email\"",
                  "fullTitle": "Trybewarts 3 - Acrescente um formulário de login dentro do `header`, do lado direito Existe um input com o atributo name igual a \"email\" e o placeholder igual a \"Email\"",
                  "timedOut": null,
                  "duration": 127,
                  "state": "passed",
                  "speed": "fast",
                  "pass": true,
                  "fail": false,
                  "pending": false,
                  "context": null,
                  "code": "cy.get(`${TRYBEWARTS_LOGIN_FORM_SELECTOR} input[name=email]`).should('have.attr', 'placeholder').and('match', /Email/);",
                  "err": {},
                  "uuid": "9de2bceb-daef-4358-96f0-4f8ff0c1e83a",
                  "parentUUID": "a5ee8544-0656-4735-8c68-dce7e4de8f57",
                  "isHook": false,
                  "skipped": false
                },
                {
                  "title": "Existe um input com o atributo name igual a \"password\" e o placeholder igual a \"Senha\"",
                  "fullTitle": "Trybewarts 3 - Acrescente um formulário de login dentro do `header`, do lado direito Existe um input com o atributo name igual a \"password\" e o placeholder igual a \"Senha\"",
                  "timedOut": null,
                  "duration": 135,
                  "state": "passed",
                  "speed": "fast",
                  "pass": true,
                  "fail": false,
                  "pending": false,
                  "context": null,
                  "code": "cy.get(`${TRYBEWARTS_LOGIN_FORM_SELECTOR} input[name=password]`).should('have.attr', 'placeholder').and('match', /Senha/);",
                  "err": {},
                  "uuid": "7fbdc488-2cc1-4510-aada-4aa86805566a",
                  "parentUUID": "a5ee8544-0656-4735-8c68-dce7e4de8f57",
                  "isHook": false,
                  "skipped": false
                },
                {
                  "title": "Existe um botão que contém o texto \"Entrar\"",
                  "fullTitle": "Trybewarts 3 - Acrescente um formulário de login dentro do `header`, do lado direito Existe um botão que contém o texto \"Entrar\"",
                  "timedOut": null,
                  "duration": 141,
                  "state": "passed",
                  "speed": "fast",
                  "pass": true,
                  "fail": false,
                  "pending": false,
                  "context": null,
                  "code": "cy.get(`${TRYBEWARTS_LOGIN_FORM_SELECTOR} button`).should('have.text', 'Entrar');",
                  "err": {},
                  "uuid": "7d8a4ed2-92b4-44f4-b7f7-1835d25e4517",
                  "parentUUID": "a5ee8544-0656-4735-8c68-dce7e4de8f57",
                  "isHook": false,
                  "skipped": false
                },
                {
                  "title": "O formulário é um flex container",
                  "fullTitle": "Trybewarts 3 - Acrescente um formulário de login dentro do `header`, do lado direito O formulário é um flex container",
                  "timedOut": null,
                  "duration": 171,
                  "state": "passed",
                  "speed": "fast",
                  "pass": true,
                  "fail": false,
                  "pending": false,
                  "context": null,
                  "code": "cy.get(TRYBEWARTS_LOGIN_FORM_SELECTOR).should('have.css', 'display', 'flex');",
                  "err": {},
                  "uuid": "f6185b1a-9dab-4e3e-908f-d5747998b00b",
                  "parentUUID": "a5ee8544-0656-4735-8c68-dce7e4de8f57",
                  "isHook": false,
                  "skipped": false
                },
                {
                  "title": "O formulário deve estar a direita da logo",
                  "fullTitle": "Trybewarts 3 - Acrescente um formulário de login dentro do `header`, do lado direito O formulário deve estar a direita da logo",
                  "timedOut": null,
                  "duration": 130,
                  "state": "passed",
                  "speed": "fast",
                  "pass": true,
                  "fail": false,
                  "pending": false,
                  "context": null,
                  "code": "cy.get(TRYBEWARTS_LOGIN_FORM_SELECTOR).should('be.rightOf', TRYBEWARTS_LOGO_SELECTOR);",
                  "err": {},
                  "uuid": "2e742b12-c2ba-4bee-b011-f9d847edbe4c",
                  "parentUUID": "a5ee8544-0656-4735-8c68-dce7e4de8f57",
                  "isHook": false,
                  "skipped": false
                },
                {
                  "title": "Ao clicar no botão com login ou senha válidos, emite um alerta contendo o texto \"Olá, Tryber!\"",
                  "fullTitle": "Trybewarts 3 - Acrescente um formulário de login dentro do `header`, do lado direito Ao clicar no botão com login ou senha válidos, emite um alerta contendo o texto \"Olá, Tryber!\"",
                  "timedOut": null,
                  "duration": 999,
                  "state": "passed",
                  "speed": "fast",
                  "pass": true,
                  "fail": false,
                  "pending": false,
                  "context": null,
                  "code": "const stub = cy.stub();\ncy.on('window:alert', stub);\ncy.get(`${TRYBEWARTS_LOGIN_FORM_SELECTOR} input[name=email]`).type('tryber@teste.com');\ncy.get(`${TRYBEWARTS_LOGIN_FORM_SELECTOR} input[name=password]`).type('123456');\ncy.get(`${TRYBEWARTS_LOGIN_FORM_SELECTOR} button`).click().then(() => {\n  expect(stub.getCall(0)).to.be.calledWith('Olá, Tryber!');\n});",
                  "err": {},
                  "uuid": "7d49b62f-e3ea-44a3-a779-52a7aaf1eeb7",
                  "parentUUID": "a5ee8544-0656-4735-8c68-dce7e4de8f57",
                  "isHook": false,
                  "skipped": false
                },
                {
                  "title": "Ao clicar no botão com email ou senha inválidos, emite um alerta contendo o texto \"Email ou senha inválidos.\"",
                  "fullTitle": "Trybewarts 3 - Acrescente um formulário de login dentro do `header`, do lado direito Ao clicar no botão com email ou senha inválidos, emite um alerta contendo o texto \"Email ou senha inválidos.\"",
                  "timedOut": null,
                  "duration": 258,
                  "state": "passed",
                  "speed": "fast",
                  "pass": true,
                  "fail": false,
                  "pending": false,
                  "context": null,
                  "code": "const stub = cy.stub();\ncy.on('window:alert', stub);\ncy.get(`${TRYBEWARTS_LOGIN_FORM_SELECTOR} button`).click().then(() => {\n  expect(stub.getCall(0)).to.be.calledWith('Email ou senha inválidos.');\n});",
                  "err": {},
                  "uuid": "e4705d6c-40d2-4da3-a21b-f503729917c5",
                  "parentUUID": "a5ee8544-0656-4735-8c68-dce7e4de8f57",
                  "isHook": false,
                  "skipped": false
                }
              ],
              "suites": [],
              "passes": [
                "b9977409-29b1-464b-b448-607ef8661345",
                "9de2bceb-daef-4358-96f0-4f8ff0c1e83a",
                "7fbdc488-2cc1-4510-aada-4aa86805566a",
                "7d8a4ed2-92b4-44f4-b7f7-1835d25e4517",
                "f6185b1a-9dab-4e3e-908f-d5747998b00b",
                "2e742b12-c2ba-4bee-b011-f9d847edbe4c",
                "7d49b62f-e3ea-44a3-a779-52a7aaf1eeb7",
                "e4705d6c-40d2-4da3-a21b-f503729917c5"
              ],
              "failures": [],
              "pending": [],
              "skipped": [],
              "duration": 2127,
              "root": false,
              "rootEmpty": false,
              "_timeout": 2000
            },
            {
              "uuid": "a8170ebc-d58b-4093-a8f2-3b317f3c885d",
              "title": "4 - Crie um título com o texto \"Trybewarts\" centralizado dentro do `header`",
              "fullFile": "",
              "file": "",
              "beforeHooks": [],
              "afterHooks": [],
              "tests": [
                {
                  "title": "Existe um elemento h1 com o id \"trybewarts-header-title\" e texto \"Trybewarts",
                  "fullTitle": "Trybewarts 4 - Crie um título com o texto \"Trybewarts\" centralizado dentro do `header` Existe um elemento h1 com o id \"trybewarts-header-title\" e texto \"Trybewarts",
                  "timedOut": null,
                  "duration": 180,
                  "state": "passed",
                  "speed": "fast",
                  "pass": true,
                  "fail": false,
                  "pending": false,
                  "context": null,
                  "code": "cy.get(TRYBEWARTS_HEADER_TITLE).should('exist').and('have.text', 'Trybewarts');",
                  "err": {},
                  "uuid": "87111be8-e1b5-4a29-9a3c-9198df4de851",
                  "parentUUID": "a8170ebc-d58b-4093-a8f2-3b317f3c885d",
                  "isHook": false,
                  "skipped": false
                },
                {
                  "title": "O header deve ter exatamente três elementos filhos",
                  "fullTitle": "Trybewarts 4 - Crie um título com o texto \"Trybewarts\" centralizado dentro do `header` O header deve ter exatamente três elementos filhos",
                  "timedOut": null,
                  "duration": 129,
                  "state": "passed",
                  "speed": "fast",
                  "pass": true,
                  "fail": false,
                  "pending": false,
                  "context": null,
                  "code": "cy.get(TOP_BAR_SELECTOR).children().should('have.length', 3);",
                  "err": {},
                  "uuid": "6d7ca2b7-dc0e-4ee9-ace3-82f34c95d7c8",
                  "parentUUID": "a8170ebc-d58b-4093-a8f2-3b317f3c885d",
                  "isHook": false,
                  "skipped": false
                },
                {
                  "title": "O filho do meio deve ser o título",
                  "fullTitle": "Trybewarts 4 - Crie um título com o texto \"Trybewarts\" centralizado dentro do `header` O filho do meio deve ser o título",
                  "timedOut": null,
                  "duration": 161,
                  "state": "passed",
                  "speed": "fast",
                  "pass": true,
                  "fail": false,
                  "pending": false,
                  "context": null,
                  "code": "cy.get(TOP_BAR_SELECTOR).children().eq(1).should('match', TRYBEWARTS_HEADER_TITLE);",
                  "err": {},
                  "uuid": "fdf49021-617f-4227-85d7-c3a49f921705",
                  "parentUUID": "a8170ebc-d58b-4093-a8f2-3b317f3c885d",
                  "isHook": false,
                  "skipped": false
                }
              ],
              "suites": [],
              "passes": [
                "87111be8-e1b5-4a29-9a3c-9198df4de851",
                "6d7ca2b7-dc0e-4ee9-ace3-82f34c95d7c8",
                "fdf49021-617f-4227-85d7-c3a49f921705"
              ],
              "failures": [],
              "pending": [],
              "skipped": [],
              "duration": 470,
              "root": false,
              "rootEmpty": false,
              "_timeout": 2000
            },
            {
              "uuid": "906d1049-6878-4a87-96c1-b57a8ba67ab9",
              "title": "5 - Adicione um formulário no corpo da página",
              "fullFile": "",
              "file": "",
              "beforeHooks": [],
              "afterHooks": [],
              "tests": [
                {
                  "title": "Existe um formulário com o id `evaluation-form`",
                  "fullTitle": "Trybewarts 5 - Adicione um formulário no corpo da página Existe um formulário com o id `evaluation-form`",
                  "timedOut": null,
                  "duration": 153,
                  "state": "passed",
                  "speed": "fast",
                  "pass": true,
                  "fail": false,
                  "pending": false,
                  "context": null,
                  "code": "cy.get(EVALUATION_FORM).should('exist');",
                  "err": {},
                  "uuid": "80da7be5-0e37-48cd-9f3f-ce72ea36bc55",
                  "parentUUID": "906d1049-6878-4a87-96c1-b57a8ba67ab9",
                  "isHook": false,
                  "skipped": false
                },
                {
                  "title": "O formulário está inserido dentro de uma tag `main`",
                  "fullTitle": "Trybewarts 5 - Adicione um formulário no corpo da página O formulário está inserido dentro de uma tag `main`",
                  "timedOut": null,
                  "duration": 131,
                  "state": "passed",
                  "speed": "fast",
                  "pass": true,
                  "fail": false,
                  "pending": false,
                  "context": null,
                  "code": "cy.get(`main ${EVALUATION_FORM}`).should('exist');",
                  "err": {},
                  "uuid": "cb27760c-a9f6-4c34-9a33-fdf998e6fa32",
                  "parentUUID": "906d1049-6878-4a87-96c1-b57a8ba67ab9",
                  "isHook": false,
                  "skipped": false
                },
                {
                  "title": "O elemento main é um flex-container",
                  "fullTitle": "Trybewarts 5 - Adicione um formulário no corpo da página O elemento main é um flex-container",
                  "timedOut": null,
                  "duration": 128,
                  "state": "passed",
                  "speed": "fast",
                  "pass": true,
                  "fail": false,
                  "pending": false,
                  "context": null,
                  "code": "cy.get('main').should('have.css', 'display', 'flex');",
                  "err": {},
                  "uuid": "38a526e7-ec69-4495-9747-81856cc9e6ff",
                  "parentUUID": "906d1049-6878-4a87-96c1-b57a8ba67ab9",
                  "isHook": false,
                  "skipped": false
                },
                {
                  "title": "O formulário é um flex-container",
                  "fullTitle": "Trybewarts 5 - Adicione um formulário no corpo da página O formulário é um flex-container",
                  "timedOut": null,
                  "duration": 142,
                  "state": "passed",
                  "speed": "fast",
                  "pass": true,
                  "fail": false,
                  "pending": false,
                  "context": null,
                  "code": "cy.get(EVALUATION_FORM).should('have.css', 'display', 'flex');",
                  "err": {},
                  "uuid": "7f11060a-6d7d-40ab-83f2-5037986604ff",
                  "parentUUID": "906d1049-6878-4a87-96c1-b57a8ba67ab9",
                  "isHook": false,
                  "skipped": false
                },
                {
                  "title": "O formulário tem a largura igual a 675px",
                  "fullTitle": "Trybewarts 5 - Adicione um formulário no corpo da página O formulário tem a largura igual a 675px",
                  "timedOut": null,
                  "duration": 145,
                  "state": "passed",
                  "speed": "fast",
                  "pass": true,
                  "fail": false,
                  "pending": false,
                  "context": null,
                  "code": "cy.get(EVALUATION_FORM).should('have.css', 'width', '675px');",
                  "err": {},
                  "uuid": "d50ea883-9de5-45e1-bc19-c32b0219bab4",
                  "parentUUID": "906d1049-6878-4a87-96c1-b57a8ba67ab9",
                  "isHook": false,
                  "skipped": false
                }
              ],
              "suites": [],
              "passes": [
                "80da7be5-0e37-48cd-9f3f-ce72ea36bc55",
                "cb27760c-a9f6-4c34-9a33-fdf998e6fa32",
                "38a526e7-ec69-4495-9747-81856cc9e6ff",
                "7f11060a-6d7d-40ab-83f2-5037986604ff",
                "d50ea883-9de5-45e1-bc19-c32b0219bab4"
              ],
              "failures": [],
              "pending": [],
              "skipped": [],
              "duration": 699,
              "root": false,
              "rootEmpty": false,
              "_timeout": 2000
            },
            {
              "uuid": "60b63e83-4cdf-41a7-9242-86f3dcbe319f",
              "title": "6 - Faça com que o formulário se estabeleça na direção vertical",
              "fullFile": "",
              "file": "",
              "beforeHooks": [],
              "afterHooks": [],
              "tests": [
                {
                  "title": "O eixo principal do formulário com id \"evaluation-form\" é vertical",
                  "fullTitle": "Trybewarts 6 - Faça com que o formulário se estabeleça na direção vertical O eixo principal do formulário com id \"evaluation-form\" é vertical",
                  "timedOut": null,
                  "duration": 150,
                  "state": "passed",
                  "speed": "fast",
                  "pass": true,
                  "fail": false,
                  "pending": false,
                  "context": null,
                  "code": "cy.get(EVALUATION_FORM).should('have.css', 'flex-direction', 'column');",
                  "err": {},
                  "uuid": "abb06532-52e2-432e-8004-b409d87af55c",
                  "parentUUID": "60b63e83-4cdf-41a7-9242-86f3dcbe319f",
                  "isHook": false,
                  "skipped": false
                }
              ],
              "suites": [],
              "passes": [
                "abb06532-52e2-432e-8004-b409d87af55c"
              ],
              "failures": [],
              "pending": [],
              "skipped": [],
              "duration": 150,
              "root": false,
              "rootEmpty": false,
              "_timeout": 2000
            },
            {
              "uuid": "c0ea94a4-71bb-458e-a235-53b04a790c9e",
              "title": "7 - Adicione a logo da Trybewarts no lado direito da página",
              "fullFile": "",
              "file": "",
              "beforeHooks": [],
              "afterHooks": [],
              "tests": [
                {
                  "title": "Possui o id trybewarts-forms-logo",
                  "fullTitle": "Trybewarts 7 - Adicione a logo da Trybewarts no lado direito da página Possui o id trybewarts-forms-logo",
                  "timedOut": null,
                  "duration": 169,
                  "state": "passed",
                  "speed": "fast",
                  "pass": true,
                  "fail": false,
                  "pending": false,
                  "context": null,
                  "code": "cy.get(TRYBEWARTS_LOGO_FORMS_SELECTOR).should('exist');",
                  "err": {},
                  "uuid": "563c51b2-9aa4-4829-a1a6-8985ec6144a2",
                  "parentUUID": "c0ea94a4-71bb-458e-a235-53b04a790c9e",
                  "isHook": false,
                  "skipped": false
                },
                {
                  "title": "O atributo `src` do logotipo aponta para `images/trybewarts-colored.svg`",
                  "fullTitle": "Trybewarts 7 - Adicione a logo da Trybewarts no lado direito da página O atributo `src` do logotipo aponta para `images/trybewarts-colored.svg`",
                  "timedOut": null,
                  "duration": 139,
                  "state": "passed",
                  "speed": "fast",
                  "pass": true,
                  "fail": false,
                  "pending": false,
                  "context": null,
                  "code": "cy.get(TRYBEWARTS_LOGO_FORMS_SELECTOR).should('have.attr', 'src').and('match', /images\\/trybewarts-colored\\.svg/);",
                  "err": {},
                  "uuid": "48a2a40d-7553-4003-b988-fdd54fa3fe91",
                  "parentUUID": "c0ea94a4-71bb-458e-a235-53b04a790c9e",
                  "isHook": false,
                  "skipped": false
                },
                {
                  "title": "A imagem deve possuir um `height` de `500px`",
                  "fullTitle": "Trybewarts 7 - Adicione a logo da Trybewarts no lado direito da página A imagem deve possuir um `height` de `500px`",
                  "timedOut": null,
                  "duration": 123,
                  "state": "passed",
                  "speed": "fast",
                  "pass": true,
                  "fail": false,
                  "pending": false,
                  "context": null,
                  "code": "cy.get(TRYBEWARTS_LOGO_FORMS_SELECTOR).should('have.css', 'height', '500px');",
                  "err": {},
                  "uuid": "c3c3e1ca-d250-478a-8019-13360ceb328e",
                  "parentUUID": "c0ea94a4-71bb-458e-a235-53b04a790c9e",
                  "isHook": false,
                  "skipped": false
                },
                {
                  "title": "A imagem deve estar posicionada a direita do formulário com id `evaluation-form`",
                  "fullTitle": "Trybewarts 7 - Adicione a logo da Trybewarts no lado direito da página A imagem deve estar posicionada a direita do formulário com id `evaluation-form`",
                  "timedOut": null,
                  "duration": 132,
                  "state": "passed",
                  "speed": "fast",
                  "pass": true,
                  "fail": false,
                  "pending": false,
                  "context": null,
                  "code": "cy.get(TRYBEWARTS_LOGO_FORMS_SELECTOR).should('be.rightOf', EVALUATION_FORM);",
                  "err": {},
                  "uuid": "a8dc0c5a-d2c8-4706-aafd-d89029623f9d",
                  "parentUUID": "c0ea94a4-71bb-458e-a235-53b04a790c9e",
                  "isHook": false,
                  "skipped": false
                }
              ],
              "suites": [],
              "passes": [
                "563c51b2-9aa4-4829-a1a6-8985ec6144a2",
                "48a2a40d-7553-4003-b988-fdd54fa3fe91",
                "c3c3e1ca-d250-478a-8019-13360ceb328e",
                "a8dc0c5a-d2c8-4706-aafd-d89029623f9d"
              ],
              "failures": [],
              "pending": [],
              "skipped": [],
              "duration": 563,
              "root": false,
              "rootEmpty": false,
              "_timeout": 2000
            },
            {
              "uuid": "b7c83893-2e9e-4c67-8942-a8590fdc7766",
              "title": "8 - Acrescente inputs de `nome`, `sobrenome` e `email` ao formulário",
              "fullFile": "",
              "file": "",
              "beforeHooks": [],
              "afterHooks": [],
              "tests": [
                {
                  "title": "Existe um input com o id \"input-name\" e placeholder \"Nome\"",
                  "fullTitle": "Trybewarts 8 - Acrescente inputs de `nome`, `sobrenome` e `email` ao formulário Existe um input com o id \"input-name\" e placeholder \"Nome\"",
                  "timedOut": null,
                  "duration": 153,
                  "state": "passed",
                  "speed": "fast",
                  "pass": true,
                  "fail": false,
                  "pending": false,
                  "context": null,
                  "code": "cy.get(`input#${id}`).should('exist').and('have.attr', 'placeholder', placeholder);",
                  "err": {},
                  "uuid": "c763db5c-f2cf-409a-84f4-6da13a51a251",
                  "parentUUID": "b7c83893-2e9e-4c67-8942-a8590fdc7766",
                  "isHook": false,
                  "skipped": false
                },
                {
                  "title": "Existe um input com o id \"input-lastname\" e placeholder \"Sobrenome\"",
                  "fullTitle": "Trybewarts 8 - Acrescente inputs de `nome`, `sobrenome` e `email` ao formulário Existe um input com o id \"input-lastname\" e placeholder \"Sobrenome\"",
                  "timedOut": null,
                  "duration": 114,
                  "state": "passed",
                  "speed": "fast",
                  "pass": true,
                  "fail": false,
                  "pending": false,
                  "context": null,
                  "code": "cy.get(`input#${id}`).should('exist').and('have.attr', 'placeholder', placeholder);",
                  "err": {},
                  "uuid": "9c2ba3fe-478d-465e-9b8c-09bd9c47bcdb",
                  "parentUUID": "b7c83893-2e9e-4c67-8942-a8590fdc7766",
                  "isHook": false,
                  "skipped": false
                },
                {
                  "title": "Existe um input com o id \"input-email\" e placeholder \"Email\"",
                  "fullTitle": "Trybewarts 8 - Acrescente inputs de `nome`, `sobrenome` e `email` ao formulário Existe um input com o id \"input-email\" e placeholder \"Email\"",
                  "timedOut": null,
                  "duration": 111,
                  "state": "passed",
                  "speed": "fast",
                  "pass": true,
                  "fail": false,
                  "pending": false,
                  "context": null,
                  "code": "cy.get(`input#${id}`).should('exist').and('have.attr', 'placeholder', placeholder);",
                  "err": {},
                  "uuid": "4258e409-b608-4b49-9a3b-7cd11bef420d",
                  "parentUUID": "b7c83893-2e9e-4c67-8942-a8590fdc7766",
                  "isHook": false,
                  "skipped": false
                }
              ],
              "suites": [],
              "passes": [
                "c763db5c-f2cf-409a-84f4-6da13a51a251",
                "9c2ba3fe-478d-465e-9b8c-09bd9c47bcdb",
                "4258e409-b608-4b49-9a3b-7cd11bef420d"
              ],
              "failures": [],
              "pending": [],
              "skipped": [],
              "duration": 378,
              "root": false,
              "rootEmpty": false,
              "_timeout": 2000
            },
            {
              "uuid": "dc85b02c-7f72-4b81-9403-7804ec6ecd57",
              "title": "9 - Acrescente um `select` ao formulário com o `id` `house` contendo as opções `Gitnória`, `Reactpuff`, `Corvinode` e `Pytherina`",
              "fullFile": "",
              "file": "",
              "beforeHooks": [],
              "afterHooks": [],
              "tests": [
                {
                  "title": "Existe uma option com text e value igual a \"Gitnória\" e id igual a \"gitnoria-house\"",
                  "fullTitle": "Trybewarts 9 - Acrescente um `select` ao formulário com o `id` `house` contendo as opções `Gitnória`, `Reactpuff`, `Corvinode` e `Pytherina` Existe uma option com text e value igual a \"Gitnória\" e id igual a \"gitnoria-house\"",
                  "timedOut": null,
                  "duration": 143,
                  "state": "passed",
                  "speed": "fast",
                  "pass": true,
                  "fail": false,
                  "pending": false,
                  "context": null,
                  "code": "cy.get(`${HOUSES_SELECTOR} option#${id}`).then(option => {\n  expect(option).to.have.text(name);\n  expect(option).to.have.value(name);\n});",
                  "err": {},
                  "uuid": "f1461154-33e4-4868-99f5-b23b65384613",
                  "parentUUID": "dc85b02c-7f72-4b81-9403-7804ec6ecd57",
                  "isHook": false,
                  "skipped": false
                },
                {
                  "title": "Existe uma option com text e value igual a \"Reactpuff\" e id igual a \"reactpuff-house\"",
                  "fullTitle": "Trybewarts 9 - Acrescente um `select` ao formulário com o `id` `house` contendo as opções `Gitnória`, `Reactpuff`, `Corvinode` e `Pytherina` Existe uma option com text e value igual a \"Reactpuff\" e id igual a \"reactpuff-house\"",
                  "timedOut": null,
                  "duration": 126,
                  "state": "passed",
                  "speed": "fast",
                  "pass": true,
                  "fail": false,
                  "pending": false,
                  "context": null,
                  "code": "cy.get(`${HOUSES_SELECTOR} option#${id}`).then(option => {\n  expect(option).to.have.text(name);\n  expect(option).to.have.value(name);\n});",
                  "err": {},
                  "uuid": "cd3f0030-393e-4b53-9897-c8faa2ea59a1",
                  "parentUUID": "dc85b02c-7f72-4b81-9403-7804ec6ecd57",
                  "isHook": false,
                  "skipped": false
                },
                {
                  "title": "Existe uma option com text e value igual a \"Corvinode\" e id igual a \"corvinode-house\"",
                  "fullTitle": "Trybewarts 9 - Acrescente um `select` ao formulário com o `id` `house` contendo as opções `Gitnória`, `Reactpuff`, `Corvinode` e `Pytherina` Existe uma option com text e value igual a \"Corvinode\" e id igual a \"corvinode-house\"",
                  "timedOut": null,
                  "duration": 147,
                  "state": "passed",
                  "speed": "fast",
                  "pass": true,
                  "fail": false,
                  "pending": false,
                  "context": null,
                  "code": "cy.get(`${HOUSES_SELECTOR} option#${id}`).then(option => {\n  expect(option).to.have.text(name);\n  expect(option).to.have.value(name);\n});",
                  "err": {},
                  "uuid": "0603d907-d811-446a-b4f0-9dde6b8bf82f",
                  "parentUUID": "dc85b02c-7f72-4b81-9403-7804ec6ecd57",
                  "isHook": false,
                  "skipped": false
                },
                {
                  "title": "Existe uma option com text e value igual a \"Pytherina\" e id igual a \"pytherina-house\"",
                  "fullTitle": "Trybewarts 9 - Acrescente um `select` ao formulário com o `id` `house` contendo as opções `Gitnória`, `Reactpuff`, `Corvinode` e `Pytherina` Existe uma option com text e value igual a \"Pytherina\" e id igual a \"pytherina-house\"",
                  "timedOut": null,
                  "duration": 151,
                  "state": "passed",
                  "speed": "fast",
                  "pass": true,
                  "fail": false,
                  "pending": false,
                  "context": null,
                  "code": "cy.get(`${HOUSES_SELECTOR} option#${id}`).then(option => {\n  expect(option).to.have.text(name);\n  expect(option).to.have.value(name);\n});",
                  "err": {},
                  "uuid": "d944dea0-ef01-425a-a1d7-1a5444b94119",
                  "parentUUID": "dc85b02c-7f72-4b81-9403-7804ec6ecd57",
                  "isHook": false,
                  "skipped": false
                }
              ],
              "suites": [],
              "passes": [
                "f1461154-33e4-4868-99f5-b23b65384613",
                "cd3f0030-393e-4b53-9897-c8faa2ea59a1",
                "0603d907-d811-446a-b4f0-9dde6b8bf82f",
                "d944dea0-ef01-425a-a1d7-1a5444b94119"
              ],
              "failures": [],
              "pending": [],
              "skipped": [],
              "duration": 567,
              "root": false,
              "rootEmpty": false,
              "_timeout": 2000
            },
            {
              "uuid": "f6dba033-9c02-48ec-b9ba-afd7814ef7fa",
              "title": "10 - Posicione os campos de `Nome` e `Sobrenome` lado a lado",
              "fullFile": "",
              "file": "",
              "beforeHooks": [],
              "afterHooks": [],
              "tests": [
                {
                  "title": "O campo de \"Sobrenome\" está a direita do campo de \"Nome\"",
                  "fullTitle": "Trybewarts 10 - Posicione os campos de `Nome` e `Sobrenome` lado a lado O campo de \"Sobrenome\" está a direita do campo de \"Nome\"",
                  "timedOut": null,
                  "duration": 175,
                  "state": "passed",
                  "speed": "fast",
                  "pass": true,
                  "fail": false,
                  "pending": false,
                  "context": null,
                  "code": "cy.get(USER_LASTNAME_INPUT_SELECTOR).should('be.rightOf', USER_NAME_INPUT_SELECTOR);",
                  "err": {},
                  "uuid": "426710c1-231b-4fbb-bc5e-f1cc5f246ab1",
                  "parentUUID": "f6dba033-9c02-48ec-b9ba-afd7814ef7fa",
                  "isHook": false,
                  "skipped": false
                }
              ],
              "suites": [],
              "passes": [
                "426710c1-231b-4fbb-bc5e-f1cc5f246ab1"
              ],
              "failures": [],
              "pending": [],
              "skipped": [],
              "duration": 175,
              "root": false,
              "rootEmpty": false,
              "_timeout": 2000
            },
            {
              "uuid": "f4dcca4c-dbec-4685-b258-f91f10c37ec9",
              "title": "11 - Posicione os campos de `Email` e `Casa` lado a lado",
              "fullFile": "",
              "file": "",
              "beforeHooks": [],
              "afterHooks": [],
              "tests": [
                {
                  "title": "O select das casas está a direita do campo de \"Email\"",
                  "fullTitle": "Trybewarts 11 - Posicione os campos de `Email` e `Casa` lado a lado O select das casas está a direita do campo de \"Email\"",
                  "timedOut": null,
                  "duration": 158,
                  "state": "passed",
                  "speed": "fast",
                  "pass": true,
                  "fail": false,
                  "pending": false,
                  "context": null,
                  "code": "cy.get(HOUSES_SELECTOR).should('be.rightOf', USER_EMAIL_INPUT_SELECTOR);",
                  "err": {},
                  "uuid": "4d46a235-3e44-48e5-9f2a-551827f94152",
                  "parentUUID": "f4dcca4c-dbec-4685-b258-f91f10c37ec9",
                  "isHook": false,
                  "skipped": false
                }
              ],
              "suites": [],
              "passes": [
                "4d46a235-3e44-48e5-9f2a-551827f94152"
              ],
              "failures": [],
              "pending": [],
              "skipped": [],
              "duration": 158,
              "root": false,
              "rootEmpty": false,
              "_timeout": 2000
            },
            {
              "uuid": "f45e8fb8-dfc9-459a-a655-3ab560ccdd37",
              "title": "12 - Adicione 3 inputs do tipo `radio` ao formulário",
              "fullFile": "",
              "file": "",
              "beforeHooks": [],
              "afterHooks": [],
              "tests": [
                {
                  "title": "Um elemento com o id \"label-family\" e o texto \"Qual sua família?\" deverá ser criado",
                  "fullTitle": "Trybewarts 12 - Adicione 3 inputs do tipo `radio` ao formulário Um elemento com o id \"label-family\" e o texto \"Qual sua família?\" deverá ser criado",
                  "timedOut": null,
                  "duration": 132,
                  "state": "passed",
                  "speed": "fast",
                  "pass": true,
                  "fail": false,
                  "pending": false,
                  "context": null,
                  "code": "cy.get(`${EVALUATION_FORM} #label-family`).should('have.text', LABEL_FAMILY_TEXT);",
                  "err": {},
                  "uuid": "7384b213-ce3c-479c-84db-4f01e9db9071",
                  "parentUUID": "f45e8fb8-dfc9-459a-a655-3ab560ccdd37",
                  "isHook": false,
                  "skipped": false
                },
                {
                  "title": "Deverá haver um input do tipo radio, com value igual a \"Frontend\" e name igual a \"family\"",
                  "fullTitle": "Trybewarts 12 - Adicione 3 inputs do tipo `radio` ao formulário Deverá haver um input do tipo radio, com value igual a \"Frontend\" e name igual a \"family\"",
                  "timedOut": null,
                  "duration": 169,
                  "state": "passed",
                  "speed": "fast",
                  "pass": true,
                  "fail": false,
                  "pending": false,
                  "context": null,
                  "code": "cy.get(`input[value=${family}]`).should('exist').and('have.attr', 'type', 'radio').and('have.attr', 'name', 'family');",
                  "err": {},
                  "uuid": "90a0fb6c-f035-4656-ba72-a9f0b8b80ec2",
                  "parentUUID": "f45e8fb8-dfc9-459a-a655-3ab560ccdd37",
                  "isHook": false,
                  "skipped": false
                },
                {
                  "title": "Deverá haver um input do tipo radio, com value igual a \"Backend\" e name igual a \"family\"",
                  "fullTitle": "Trybewarts 12 - Adicione 3 inputs do tipo `radio` ao formulário Deverá haver um input do tipo radio, com value igual a \"Backend\" e name igual a \"family\"",
                  "timedOut": null,
                  "duration": 160,
                  "state": "passed",
                  "speed": "fast",
                  "pass": true,
                  "fail": false,
                  "pending": false,
                  "context": null,
                  "code": "cy.get(`input[value=${family}]`).should('exist').and('have.attr', 'type', 'radio').and('have.attr', 'name', 'family');",
                  "err": {},
                  "uuid": "854d1740-29ac-4714-b40a-d1ae66d10cbe",
                  "parentUUID": "f45e8fb8-dfc9-459a-a655-3ab560ccdd37",
                  "isHook": false,
                  "skipped": false
                },
                {
                  "title": "Deverá haver um input do tipo radio, com value igual a \"FullStack\" e name igual a \"family\"",
                  "fullTitle": "Trybewarts 12 - Adicione 3 inputs do tipo `radio` ao formulário Deverá haver um input do tipo radio, com value igual a \"FullStack\" e name igual a \"family\"",
                  "timedOut": null,
                  "duration": 127,
                  "state": "passed",
                  "speed": "fast",
                  "pass": true,
                  "fail": false,
                  "pending": false,
                  "context": null,
                  "code": "cy.get(`input[value=${family}]`).should('exist').and('have.attr', 'type', 'radio').and('have.attr', 'name', 'family');",
                  "err": {},
                  "uuid": "1b8b7cb7-d95f-41b0-a778-ca7ad76b6b35",
                  "parentUUID": "f45e8fb8-dfc9-459a-a655-3ab560ccdd37",
                  "isHook": false,
                  "skipped": false
                },
                {
                  "title": "Posicione os radio buttons para ficar abaixo um do outro, na sequência \"Frontend\", \"Backend\" e \"Fullstack\"",
                  "fullTitle": "Trybewarts 12 - Adicione 3 inputs do tipo `radio` ao formulário Posicione os radio buttons para ficar abaixo um do outro, na sequência \"Frontend\", \"Backend\" e \"Fullstack\"",
                  "timedOut": null,
                  "duration": 123,
                  "state": "passed",
                  "speed": "fast",
                  "pass": true,
                  "fail": false,
                  "pending": false,
                  "context": null,
                  "code": "cy.get('input[value=\"Backend\"]').should('be.below', 'input[value=\"Frontend\"]');\ncy.get('input[value=\"FullStack\"]').should('be.below', 'input[value=\"Backend\"]');",
                  "err": {},
                  "uuid": "8eb54852-4cd7-4304-b71b-66d496b6c5e7",
                  "parentUUID": "f45e8fb8-dfc9-459a-a655-3ab560ccdd37",
                  "isHook": false,
                  "skipped": false
                },
                {
                  "title": "Posicione os radio buttons abaixo do label com id \"label-family\"",
                  "fullTitle": "Trybewarts 12 - Adicione 3 inputs do tipo `radio` ao formulário Posicione os radio buttons abaixo do label com id \"label-family\"",
                  "timedOut": null,
                  "duration": 190,
                  "state": "passed",
                  "speed": "fast",
                  "pass": true,
                  "fail": false,
                  "pending": false,
                  "context": null,
                  "code": "FAMILIES.forEach(family => {\n  cy.get(`input[value=\"${family}\"]`).should('be.below', '#label-family');\n});",
                  "err": {},
                  "uuid": "4247918c-0918-41d7-9624-16c9ec066242",
                  "parentUUID": "f45e8fb8-dfc9-459a-a655-3ab560ccdd37",
                  "isHook": false,
                  "skipped": false
                }
              ],
              "suites": [],
              "passes": [
                "7384b213-ce3c-479c-84db-4f01e9db9071",
                "90a0fb6c-f035-4656-ba72-a9f0b8b80ec2",
                "854d1740-29ac-4714-b40a-d1ae66d10cbe",
                "1b8b7cb7-d95f-41b0-a778-ca7ad76b6b35",
                "8eb54852-4cd7-4304-b71b-66d496b6c5e7",
                "4247918c-0918-41d7-9624-16c9ec066242"
              ],
              "failures": [],
              "pending": [],
              "skipped": [],
              "duration": 901,
              "root": false,
              "rootEmpty": false,
              "_timeout": 2000
            },
            {
              "uuid": "c68b3e35-24cb-4eb3-90d6-6a91b927236f",
              "title": "13 - Crie 6 inputs do tipo `checkbox`",
              "fullFile": "",
              "file": "",
              "beforeHooks": [],
              "afterHooks": [],
              "tests": [
                {
                  "title": "Existe um elemento com o id \"label-content\" e o texto \"Qual conteúdo você está com mais vontade de aprender?\"",
                  "fullTitle": "Trybewarts 13 - Crie 6 inputs do tipo `checkbox` Existe um elemento com o id \"label-content\" e o texto \"Qual conteúdo você está com mais vontade de aprender?\"",
                  "timedOut": null,
                  "duration": 128,
                  "state": "passed",
                  "speed": "fast",
                  "pass": true,
                  "fail": false,
                  "pending": false,
                  "context": null,
                  "code": "cy.get('#label-content').contains(LABEL_CONTENT_TEXT);",
                  "err": {},
                  "uuid": "9e6bdd2f-7be8-484b-9fc2-594483b54e77",
                  "parentUUID": "c68b3e35-24cb-4eb3-90d6-6a91b927236f",
                  "isHook": false,
                  "skipped": false
                },
                {
                  "title": "Existe uma checkbox com a classe \"subject\" e value igual a HoFs",
                  "fullTitle": "Trybewarts 13 - Crie 6 inputs do tipo `checkbox` Existe uma checkbox com a classe \"subject\" e value igual a HoFs",
                  "timedOut": null,
                  "duration": 110,
                  "state": "passed",
                  "speed": "fast",
                  "pass": true,
                  "fail": false,
                  "pending": false,
                  "context": null,
                  "code": "cy.get(`${EVALUATION_FORM} input[value=${checkbox}]`).should('exist').and('have.class', 'subject');",
                  "err": {},
                  "uuid": "6a988d3d-185f-45d8-9176-ad2623173ee5",
                  "parentUUID": "c68b3e35-24cb-4eb3-90d6-6a91b927236f",
                  "isHook": false,
                  "skipped": false
                },
                {
                  "title": "Existe uma checkbox com a classe \"subject\" e value igual a Jest",
                  "fullTitle": "Trybewarts 13 - Crie 6 inputs do tipo `checkbox` Existe uma checkbox com a classe \"subject\" e value igual a Jest",
                  "timedOut": null,
                  "duration": 109,
                  "state": "passed",
                  "speed": "fast",
                  "pass": true,
                  "fail": false,
                  "pending": false,
                  "context": null,
                  "code": "cy.get(`${EVALUATION_FORM} input[value=${checkbox}]`).should('exist').and('have.class', 'subject');",
                  "err": {},
                  "uuid": "a9d05a45-4faf-4ccf-a536-c8169c202b8c",
                  "parentUUID": "c68b3e35-24cb-4eb3-90d6-6a91b927236f",
                  "isHook": false,
                  "skipped": false
                },
                {
                  "title": "Existe uma checkbox com a classe \"subject\" e value igual a Promises",
                  "fullTitle": "Trybewarts 13 - Crie 6 inputs do tipo `checkbox` Existe uma checkbox com a classe \"subject\" e value igual a Promises",
                  "timedOut": null,
                  "duration": 145,
                  "state": "passed",
                  "speed": "fast",
                  "pass": true,
                  "fail": false,
                  "pending": false,
                  "context": null,
                  "code": "cy.get(`${EVALUATION_FORM} input[value=${checkbox}]`).should('exist').and('have.class', 'subject');",
                  "err": {},
                  "uuid": "4c8ee60e-955b-4bde-899b-415034076702",
                  "parentUUID": "c68b3e35-24cb-4eb3-90d6-6a91b927236f",
                  "isHook": false,
                  "skipped": false
                },
                {
                  "title": "Existe uma checkbox com a classe \"subject\" e value igual a React",
                  "fullTitle": "Trybewarts 13 - Crie 6 inputs do tipo `checkbox` Existe uma checkbox com a classe \"subject\" e value igual a React",
                  "timedOut": null,
                  "duration": 129,
                  "state": "passed",
                  "speed": "fast",
                  "pass": true,
                  "fail": false,
                  "pending": false,
                  "context": null,
                  "code": "cy.get(`${EVALUATION_FORM} input[value=${checkbox}]`).should('exist').and('have.class', 'subject');",
                  "err": {},
                  "uuid": "47d0fab1-193a-42d0-acba-a025ba7d93ba",
                  "parentUUID": "c68b3e35-24cb-4eb3-90d6-6a91b927236f",
                  "isHook": false,
                  "skipped": false
                },
                {
                  "title": "Existe uma checkbox com a classe \"subject\" e value igual a SQL",
                  "fullTitle": "Trybewarts 13 - Crie 6 inputs do tipo `checkbox` Existe uma checkbox com a classe \"subject\" e value igual a SQL",
                  "timedOut": null,
                  "duration": 117,
                  "state": "passed",
                  "speed": "fast",
                  "pass": true,
                  "fail": false,
                  "pending": false,
                  "context": null,
                  "code": "cy.get(`${EVALUATION_FORM} input[value=${checkbox}]`).should('exist').and('have.class', 'subject');",
                  "err": {},
                  "uuid": "23e3e305-f2fc-4fb4-a6b8-f7b2d0358c75",
                  "parentUUID": "c68b3e35-24cb-4eb3-90d6-6a91b927236f",
                  "isHook": false,
                  "skipped": false
                },
                {
                  "title": "Existe uma checkbox com a classe \"subject\" e value igual a Python",
                  "fullTitle": "Trybewarts 13 - Crie 6 inputs do tipo `checkbox` Existe uma checkbox com a classe \"subject\" e value igual a Python",
                  "timedOut": null,
                  "duration": 125,
                  "state": "passed",
                  "speed": "fast",
                  "pass": true,
                  "fail": false,
                  "pending": false,
                  "context": null,
                  "code": "cy.get(`${EVALUATION_FORM} input[value=${checkbox}]`).should('exist').and('have.class', 'subject');",
                  "err": {},
                  "uuid": "6b43907e-5ade-40c0-938d-a6d9f5acb73b",
                  "parentUUID": "c68b3e35-24cb-4eb3-90d6-6a91b927236f",
                  "isHook": false,
                  "skipped": false
                },
                {
                  "title": "As checkboxes estão posicionadas abaixo do label com id \"label-content\"",
                  "fullTitle": "Trybewarts 13 - Crie 6 inputs do tipo `checkbox` As checkboxes estão posicionadas abaixo do label com id \"label-content\"",
                  "timedOut": null,
                  "duration": 135,
                  "state": "passed",
                  "speed": "fast",
                  "pass": true,
                  "fail": false,
                  "pending": false,
                  "context": null,
                  "code": "CHECKBOXES.forEach(checkbox => {\n  cy.get(`${EVALUATION_FORM} input[value=${checkbox}]`).should('be.below', `${EVALUATION_FORM} #label-content`);\n});",
                  "err": {},
                  "uuid": "4c3a93ac-4147-48bc-8c46-5cd143c539bf",
                  "parentUUID": "c68b3e35-24cb-4eb3-90d6-6a91b927236f",
                  "isHook": false,
                  "skipped": false
                }
              ],
              "suites": [],
              "passes": [
                "9e6bdd2f-7be8-484b-9fc2-594483b54e77",
                "6a988d3d-185f-45d8-9176-ad2623173ee5",
                "a9d05a45-4faf-4ccf-a536-c8169c202b8c",
                "4c8ee60e-955b-4bde-899b-415034076702",
                "47d0fab1-193a-42d0-acba-a025ba7d93ba",
                "23e3e305-f2fc-4fb4-a6b8-f7b2d0358c75",
                "6b43907e-5ade-40c0-938d-a6d9f5acb73b",
                "4c3a93ac-4147-48bc-8c46-5cd143c539bf"
              ],
              "failures": [],
              "pending": [],
              "skipped": [],
              "duration": 998,
              "root": false,
              "rootEmpty": false,
              "_timeout": 2000
            },
            {
              "uuid": "57f4b662-fac0-403b-8b43-fd87267d9ca3",
              "title": "14 - Crie um campo de entrada para avaliar de 1 a 10 o nível de satisfação com a Trybewarts",
              "fullFile": "",
              "file": "",
              "beforeHooks": [],
              "afterHooks": [],
              "tests": [
                {
                  "title": "Um elemento com o id label-rate e o texto \"Como você avalia a Trybewarts?\" deverá ser criado",
                  "fullTitle": "Trybewarts 14 - Crie um campo de entrada para avaliar de 1 a 10 o nível de satisfação com a Trybewarts Um elemento com o id label-rate e o texto \"Como você avalia a Trybewarts?\" deverá ser criado",
                  "timedOut": null,
                  "duration": 156,
                  "state": "passed",
                  "speed": "fast",
                  "pass": true,
                  "fail": false,
                  "pending": false,
                  "context": null,
                  "code": "cy.get('#label-rate').contains(LABEL_RATE_TEXT);",
                  "err": {},
                  "uuid": "0b7c97cd-c788-4ac9-991d-99bf7cf7e11c",
                  "parentUUID": "57f4b662-fac0-403b-8b43-fd87267d9ca3",
                  "isHook": false,
                  "skipped": false
                },
                {
                  "title": "O campo deve ser formado por dez radio buttons, contendo as opções de 1 a 10",
                  "fullTitle": "Trybewarts 14 - Crie um campo de entrada para avaliar de 1 a 10 o nível de satisfação com a Trybewarts O campo deve ser formado por dez radio buttons, contendo as opções de 1 a 10",
                  "timedOut": null,
                  "duration": 129,
                  "state": "passed",
                  "speed": "fast",
                  "pass": true,
                  "fail": false,
                  "pending": false,
                  "context": null,
                  "code": "cy.get('input[name=\"rate\"]').its('length').should('be.gt', 9);",
                  "err": {},
                  "uuid": "6e7549bb-c25c-4308-86af-f713a8124e3d",
                  "parentUUID": "57f4b662-fac0-403b-8b43-fd87267d9ca3",
                  "isHook": false,
                  "skipped": false
                }
              ],
              "suites": [],
              "passes": [
                "0b7c97cd-c788-4ac9-991d-99bf7cf7e11c",
                "6e7549bb-c25c-4308-86af-f713a8124e3d"
              ],
              "failures": [],
              "pending": [],
              "skipped": [],
              "duration": 285,
              "root": false,
              "rootEmpty": false,
              "_timeout": 2000
            },
            {
              "uuid": "5d54dc20-7bd1-42a6-99c0-ffe069d2c37e",
              "title": "15 - Crie um elemento `textarea`, de `id` `textarea` e número máximo de 500 caracteres",
              "fullFile": "",
              "file": "",
              "beforeHooks": [],
              "afterHooks": [],
              "tests": [
                {
                  "title": "Uma label com a classe textarea e o texto \"Deixe seu comentário:\" deverá ser criado\" ",
                  "fullTitle": "Trybewarts 15 - Crie um elemento `textarea`, de `id` `textarea` e número máximo de 500 caracteres Uma label com a classe textarea e o texto \"Deixe seu comentário:\" deverá ser criado\" ",
                  "timedOut": null,
                  "duration": 129,
                  "state": "passed",
                  "speed": "fast",
                  "pass": true,
                  "fail": false,
                  "pending": false,
                  "context": null,
                  "code": "cy.get('.textarea').contains(LABEL_TEXTAREA);",
                  "err": {},
                  "uuid": "8a0334e9-f5ae-48b5-be95-2af74114bd2d",
                  "parentUUID": "5d54dc20-7bd1-42a6-99c0-ffe069d2c37e",
                  "isHook": false,
                  "skipped": false
                },
                {
                  "title": "O campo textarea deverá ter o máximo de 500 caracteres",
                  "fullTitle": "Trybewarts 15 - Crie um elemento `textarea`, de `id` `textarea` e número máximo de 500 caracteres O campo textarea deverá ter o máximo de 500 caracteres",
                  "timedOut": null,
                  "duration": 10631,
                  "state": "passed",
                  "speed": "slow",
                  "pass": true,
                  "fail": false,
                  "pending": false,
                  "context": null,
                  "code": "cy.get('textarea').type('text'.repeat(200));\ncy.get('textarea').invoke('val').should(value => {\n  expect(value).to.match(/^[a-z]{500}$/);\n});",
                  "err": {},
                  "uuid": "c2cf60c3-708d-4147-81ad-ea2ee24ff9d2",
                  "parentUUID": "5d54dc20-7bd1-42a6-99c0-ffe069d2c37e",
                  "isHook": false,
                  "skipped": false
                }
              ],
              "suites": [],
              "passes": [
                "8a0334e9-f5ae-48b5-be95-2af74114bd2d",
                "c2cf60c3-708d-4147-81ad-ea2ee24ff9d2"
              ],
              "failures": [],
              "pending": [],
              "skipped": [],
              "duration": 10760,
              "root": false,
              "rootEmpty": false,
              "_timeout": 2000
            },
            {
              "uuid": "1ab2c3de-6130-49fe-9dc9-44683e30a7d3",
              "title": "16 - Crie um elemento `checkbox` para validar as informações digitadas pela pessoa usuária",
              "fullFile": "",
              "file": "",
              "beforeHooks": [],
              "afterHooks": [],
              "tests": [
                {
                  "title": "Uma label com o id \"label-infos\" deve possuir o texto \"Você concorda com o uso das informações acima?\"",
                  "fullTitle": "Trybewarts 16 - Crie um elemento `checkbox` para validar as informações digitadas pela pessoa usuária Uma label com o id \"label-infos\" deve possuir o texto \"Você concorda com o uso das informações acima?\"",
                  "timedOut": null,
                  "duration": 139,
                  "state": "passed",
                  "speed": "fast",
                  "pass": true,
                  "fail": false,
                  "pending": false,
                  "context": null,
                  "code": "cy.get('label#label-infos').should('exist').contains('Você concorda com o uso das informações acima?');",
                  "err": {},
                  "uuid": "cee12f8f-3e21-4958-be75-2b23b9057348",
                  "parentUUID": "1ab2c3de-6130-49fe-9dc9-44683e30a7d3",
                  "isHook": false,
                  "skipped": false
                },
                {
                  "title": "Um input do tipo checkbox deve existir e deve possuir o id \"agreement\"",
                  "fullTitle": "Trybewarts 16 - Crie um elemento `checkbox` para validar as informações digitadas pela pessoa usuária Um input do tipo checkbox deve existir e deve possuir o id \"agreement\"",
                  "timedOut": null,
                  "duration": 105,
                  "state": "passed",
                  "speed": "fast",
                  "pass": true,
                  "fail": false,
                  "pending": false,
                  "context": null,
                  "code": "cy.get('input#agreement[type=\"checkbox\"]').should('exist');",
                  "err": {},
                  "uuid": "ce655098-aba0-4913-a397-d25ba9111be7",
                  "parentUUID": "1ab2c3de-6130-49fe-9dc9-44683e30a7d3",
                  "isHook": false,
                  "skipped": false
                }
              ],
              "suites": [],
              "passes": [
                "cee12f8f-3e21-4958-be75-2b23b9057348",
                "ce655098-aba0-4913-a397-d25ba9111be7"
              ],
              "failures": [],
              "pending": [],
              "skipped": [],
              "duration": 244,
              "root": false,
              "rootEmpty": false,
              "_timeout": 2000
            },
            {
              "uuid": "a94f01e8-7dab-4ab2-90fe-dd33fd612886",
              "title": "17 - Crie um botão de \"Enviar\" para submeter o formulário",
              "fullFile": "",
              "file": "",
              "beforeHooks": [],
              "afterHooks": [],
              "tests": [
                {
                  "title": "Deve existir um botão com o id \"submit-btn\" e o texto \"Enviar\"",
                  "fullTitle": "Trybewarts 17 - Crie um botão de \"Enviar\" para submeter o formulário Deve existir um botão com o id \"submit-btn\" e o texto \"Enviar\"",
                  "timedOut": null,
                  "duration": 132,
                  "state": "passed",
                  "speed": "fast",
                  "pass": true,
                  "fail": false,
                  "pending": false,
                  "context": null,
                  "code": "cy.get('button#submit-btn[type=\"submit\"]').should('exist').should('have.text', 'Enviar');",
                  "err": {},
                  "uuid": "780ffb6b-e352-4fd8-a3c8-8a3b08846cfd",
                  "parentUUID": "a94f01e8-7dab-4ab2-90fe-dd33fd612886",
                  "isHook": false,
                  "skipped": false
                }
              ],
              "suites": [],
              "passes": [
                "780ffb6b-e352-4fd8-a3c8-8a3b08846cfd"
              ],
              "failures": [],
              "pending": [],
              "skipped": [],
              "duration": 132,
              "root": false,
              "rootEmpty": false,
              "_timeout": 2000
            },
            {
              "uuid": "20ae84be-3802-484c-a933-e28df4e8902a",
              "title": "18 - Habilite o botão \"Enviar\" após a validação do `checkbox`",
              "fullFile": "",
              "file": "",
              "beforeHooks": [],
              "afterHooks": [],
              "tests": [
                {
                  "title": "O botão deve inicialmente estar desabilitado",
                  "fullTitle": "Trybewarts 18 - Habilite o botão \"Enviar\" após a validação do `checkbox` O botão deve inicialmente estar desabilitado",
                  "timedOut": null,
                  "duration": 135,
                  "state": "passed",
                  "speed": "fast",
                  "pass": true,
                  "fail": false,
                  "pending": false,
                  "context": null,
                  "code": "cy.get('button#submit-btn').should('be.disabled');",
                  "err": {},
                  "uuid": "be2ea2c4-4878-48f7-8a58-4105ef2aeb69",
                  "parentUUID": "20ae84be-3802-484c-a933-e28df4e8902a",
                  "isHook": false,
                  "skipped": false
                },
                {
                  "title": "Ao marcar o campo de confirmação, o botão de Enviar deve ser habilitado",
                  "fullTitle": "Trybewarts 18 - Habilite o botão \"Enviar\" após a validação do `checkbox` Ao marcar o campo de confirmação, o botão de Enviar deve ser habilitado",
                  "timedOut": null,
                  "duration": 243,
                  "state": "passed",
                  "speed": "fast",
                  "pass": true,
                  "fail": false,
                  "pending": false,
                  "context": null,
                  "code": "cy.get('input#agreement').check();\ncy.get('button#submit-btn').should('not.be.disabled');",
                  "err": {},
                  "uuid": "35b2209e-d6fe-4d80-9ea2-cfd6c51d1f5d",
                  "parentUUID": "20ae84be-3802-484c-a933-e28df4e8902a",
                  "isHook": false,
                  "skipped": false
                }
              ],
              "suites": [],
              "passes": [
                "be2ea2c4-4878-48f7-8a58-4105ef2aeb69",
                "35b2209e-d6fe-4d80-9ea2-cfd6c51d1f5d"
              ],
              "failures": [],
              "pending": [],
              "skipped": [],
              "duration": 378,
              "root": false,
              "rootEmpty": false,
              "_timeout": 2000
            },
            {
              "uuid": "167a5e4b-667f-416d-803f-99a6c44bc87f",
              "title": "19 - Crie um rodapé ao final da página",
              "fullFile": "",
              "file": "",
              "beforeHooks": [],
              "afterHooks": [],
              "tests": [
                {
                  "title": "O rodapé deve conter o texto \"Direitos reservados à Trybewarts©\"",
                  "fullTitle": "Trybewarts 19 - Crie um rodapé ao final da página O rodapé deve conter o texto \"Direitos reservados à Trybewarts©\"",
                  "timedOut": null,
                  "duration": 187,
                  "state": "passed",
                  "speed": "fast",
                  "pass": true,
                  "fail": false,
                  "pending": false,
                  "context": null,
                  "code": "cy.get('footer').should('exist').contains('Direitos reservados à Trybewarts©');",
                  "err": {},
                  "uuid": "8fe27245-01cd-4b17-973a-55dbe1979224",
                  "parentUUID": "167a5e4b-667f-416d-803f-99a6c44bc87f",
                  "isHook": false,
                  "skipped": false
                }
              ],
              "suites": [],
              "passes": [
                "8fe27245-01cd-4b17-973a-55dbe1979224"
              ],
              "failures": [],
              "pending": [],
              "skipped": [],
              "duration": 187,
              "root": false,
              "rootEmpty": false,
              "_timeout": 2000
            },
            {
              "uuid": "ebb84ff9-98b9-4f56-9324-03dcc99963fd",
              "title": "20 - Crie um contador de caracteres de `id` `counter` que será decrementado de 500 a 0, à medida que algo vai sendo digitado na textarea",
              "fullFile": "",
              "file": "",
              "beforeHooks": [],
              "afterHooks": [],
              "tests": [
                {
                  "title": "Deve existir um contador com o ID \"counter\"",
                  "fullTitle": "Trybewarts 20 - Crie um contador de caracteres de `id` `counter` que será decrementado de 500 a 0, à medida que algo vai sendo digitado na textarea Deve existir um contador com o ID \"counter\"",
                  "timedOut": null,
                  "duration": 145,
                  "state": "passed",
                  "speed": "fast",
                  "pass": true,
                  "fail": false,
                  "pending": false,
                  "context": null,
                  "code": "cy.get('#counter').should('exist');",
                  "err": {},
                  "uuid": "ee685f72-9b79-4435-ad42-a5991f553033",
                  "parentUUID": "ebb84ff9-98b9-4f56-9324-03dcc99963fd",
                  "isHook": false,
                  "skipped": false
                },
                {
                  "title": "O contador de caracteres deve ser atualizado conforme o conteúdo do textarea muda.",
                  "fullTitle": "Trybewarts 20 - Crie um contador de caracteres de `id` `counter` que será decrementado de 500 a 0, à medida que algo vai sendo digitado na textarea O contador de caracteres deve ser atualizado conforme o conteúdo do textarea muda.",
                  "timedOut": null,
                  "duration": 1005,
                  "state": "passed",
                  "speed": "fast",
                  "pass": true,
                  "fail": false,
                  "pending": false,
                  "context": null,
                  "code": "cy.get('#counter').contains('500');\ncy.get('#textarea').type('Salve salve família');\ncy.get('#counter').contains('481');\ncy.get('#textarea').clear();\ncy.get('#counter').should('contain', '500');\ncy.get('#textarea').type('Salve salve');\ncy.get('#counter').should('contain', '489');",
                  "err": {},
                  "uuid": "94d473db-42ec-471b-937b-1d01fb46d5df",
                  "parentUUID": "ebb84ff9-98b9-4f56-9324-03dcc99963fd",
                  "isHook": false,
                  "skipped": false
                }
              ],
              "suites": [],
              "passes": [
                "ee685f72-9b79-4435-ad42-a5991f553033",
                "94d473db-42ec-471b-937b-1d01fb46d5df"
              ],
              "failures": [],
              "pending": [],
              "skipped": [],
              "duration": 1150,
              "root": false,
              "rootEmpty": false,
              "_timeout": 2000
            },
            {
              "uuid": "bf1161be-6d5d-4612-a719-fc1936bb8ae1",
              "title": "21 - Substitua o formulário pelas informações da pessoa estudante",
              "fullFile": "",
              "file": "",
              "beforeHooks": [],
              "afterHooks": [],
              "tests": [
                {
                  "title": "Deve haver um texto no modelo \"Nome: John Doe\" (substitua John Doe pelo nome e sobrenome preenchido no formulário)",
                  "fullTitle": "Trybewarts 21 - Substitua o formulário pelas informações da pessoa estudante Deve haver um texto no modelo \"Nome: John Doe\" (substitua John Doe pelo nome e sobrenome preenchido no formulário)",
                  "timedOut": null,
                  "duration": 2107,
                  "state": "passed",
                  "speed": "fast",
                  "pass": true,
                  "fail": false,
                  "pending": false,
                  "context": null,
                  "code": "cy.get('#form-data').contains(`Nome: ${firstName} ${lastName}`);",
                  "err": {},
                  "uuid": "41dc9f6c-4f6f-449f-883a-29d1a9f50745",
                  "parentUUID": "bf1161be-6d5d-4612-a719-fc1936bb8ae1",
                  "isHook": false,
                  "skipped": false
                },
                {
                  "title": "Deve haver um texto no modelo \"Email: alguem@email.com\"",
                  "fullTitle": "Trybewarts 21 - Substitua o formulário pelas informações da pessoa estudante Deve haver um texto no modelo \"Email: alguem@email.com\"",
                  "timedOut": null,
                  "duration": 2047,
                  "state": "passed",
                  "speed": "fast",
                  "pass": true,
                  "fail": false,
                  "pending": false,
                  "context": null,
                  "code": "cy.get('#form-data').contains(`Email: ${email}`);",
                  "err": {},
                  "uuid": "03a4039b-13e5-4fad-80b7-3f62bde85ef4",
                  "parentUUID": "bf1161be-6d5d-4612-a719-fc1936bb8ae1",
                  "isHook": false,
                  "skipped": false
                },
                {
                  "title": "Deve haver um texto no modelo \"Casa: -Casa marcada-\"",
                  "fullTitle": "Trybewarts 21 - Substitua o formulário pelas informações da pessoa estudante Deve haver um texto no modelo \"Casa: -Casa marcada-\"",
                  "timedOut": null,
                  "duration": 1962,
                  "state": "passed",
                  "speed": "fast",
                  "pass": true,
                  "fail": false,
                  "pending": false,
                  "context": null,
                  "code": "cy.get('#form-data').contains(`Casa: ${house}`);",
                  "err": {},
                  "uuid": "3519d410-a64c-4c76-9bfa-40bd96ca3cab",
                  "parentUUID": "bf1161be-6d5d-4612-a719-fc1936bb8ae1",
                  "isHook": false,
                  "skipped": false
                },
                {
                  "title": "Deve haver um texto no modelo \"Família: -Família marcada-\"",
                  "fullTitle": "Trybewarts 21 - Substitua o formulário pelas informações da pessoa estudante Deve haver um texto no modelo \"Família: -Família marcada-\"",
                  "timedOut": null,
                  "duration": 2030,
                  "state": "passed",
                  "speed": "fast",
                  "pass": true,
                  "fail": false,
                  "pending": false,
                  "context": null,
                  "code": "cy.get('#form-data').contains(`Família: ${family}`);",
                  "err": {},
                  "uuid": "52c24d9f-c2f7-40b2-a290-9b62c987a446",
                  "parentUUID": "bf1161be-6d5d-4612-a719-fc1936bb8ae1",
                  "isHook": false,
                  "skipped": false
                },
                {
                  "title": "Deve haver um texto no modelo \"Matérias: -Matérias marcadas-\"",
                  "fullTitle": "Trybewarts 21 - Substitua o formulário pelas informações da pessoa estudante Deve haver um texto no modelo \"Matérias: -Matérias marcadas-\"",
                  "timedOut": null,
                  "duration": 2031,
                  "state": "passed",
                  "speed": "fast",
                  "pass": true,
                  "fail": false,
                  "pending": false,
                  "context": null,
                  "code": "cy.get('#form-data').contains('Matérias: Jest, React, SQL');",
                  "err": {},
                  "uuid": "e1d1e2e9-19be-4930-bf28-1da73606892e",
                  "parentUUID": "bf1161be-6d5d-4612-a719-fc1936bb8ae1",
                  "isHook": false,
                  "skipped": false
                },
                {
                  "title": "Deve haver um texto no modelo \"Avaliação: -Nota marcada-\"",
                  "fullTitle": "Trybewarts 21 - Substitua o formulário pelas informações da pessoa estudante Deve haver um texto no modelo \"Avaliação: -Nota marcada-\"",
                  "timedOut": null,
                  "duration": 2015,
                  "state": "passed",
                  "speed": "fast",
                  "pass": true,
                  "fail": false,
                  "pending": false,
                  "context": null,
                  "code": "cy.get('#form-data').contains(`Avaliação: ${rate}`);",
                  "err": {},
                  "uuid": "6b4637a3-f64d-43d3-9a17-2c2b529db979",
                  "parentUUID": "bf1161be-6d5d-4612-a719-fc1936bb8ae1",
                  "isHook": false,
                  "skipped": false
                },
                {
                  "title": "Deve haver um texto no modelo \"Observações: -Texto preenchido-\"",
                  "fullTitle": "Trybewarts 21 - Substitua o formulário pelas informações da pessoa estudante Deve haver um texto no modelo \"Observações: -Texto preenchido-\"",
                  "timedOut": null,
                  "duration": 1973,
                  "state": "passed",
                  "speed": "fast",
                  "pass": true,
                  "fail": false,
                  "pending": false,
                  "context": null,
                  "code": "cy.get('#form-data').contains(`Observações: ${observation}`);",
                  "err": {},
                  "uuid": "0c54689c-c700-499c-9825-a572166e6ca6",
                  "parentUUID": "bf1161be-6d5d-4612-a719-fc1936bb8ae1",
                  "isHook": false,
                  "skipped": false
                },
                {
                  "title": "Ao enviar as informações, o formulário deve ser substituído pelas informações da pessoa usuária",
                  "fullTitle": "Trybewarts 21 - Substitua o formulário pelas informações da pessoa estudante Ao enviar as informações, o formulário deve ser substituído pelas informações da pessoa usuária",
                  "timedOut": null,
                  "duration": 1999,
                  "state": "passed",
                  "speed": "fast",
                  "pass": true,
                  "fail": false,
                  "pending": false,
                  "context": null,
                  "code": "cy.get('#evaluation-form').should('not.be.visible');",
                  "err": {},
                  "uuid": "1cd1bacf-88bd-401a-9ff2-fc7f2ea9a4f8",
                  "parentUUID": "bf1161be-6d5d-4612-a719-fc1936bb8ae1",
                  "isHook": false,
                  "skipped": false
                }
              ],
              "suites": [],
              "passes": [
                "41dc9f6c-4f6f-449f-883a-29d1a9f50745",
                "03a4039b-13e5-4fad-80b7-3f62bde85ef4",
                "3519d410-a64c-4c76-9bfa-40bd96ca3cab",
                "52c24d9f-c2f7-40b2-a290-9b62c987a446",
                "e1d1e2e9-19be-4930-bf28-1da73606892e",
                "6b4637a3-f64d-43d3-9a17-2c2b529db979",
                "0c54689c-c700-499c-9825-a572166e6ca6",
                "1cd1bacf-88bd-401a-9ff2-fc7f2ea9a4f8"
              ],
              "failures": [],
              "pending": [],
              "skipped": [],
              "duration": 16164,
              "root": false,
              "rootEmpty": false,
              "_timeout": 2000
            }
          ],
          "passes": [],
          "failures": [],
          "pending": [],
          "skipped": [],
          "duration": 0,
          "root": false,
          "rootEmpty": false,
          "_timeout": 2000
        }
      ],
      "passes": [],
      "failures": [],
      "pending": [],
      "skipped": [],
      "duration": 0,
      "root": true,
      "rootEmpty": true,
      "_timeout": 2000
    }
  ],
  "meta": {
    "mocha": {
      "version": "7.0.1"
    },
    "mochawesome": {
      "options": {
        "quiet": false,
        "reportFilename": "mochawesome",
        "saveHtml": false,
        "saveJson": true,
        "consoleReporter": "spec",
        "useInlineDiffs": false,
        "code": true
      },
      "version": "6.2.2"
    },
    "marge": {
      "options": {
        "id": "default",
        "reportDir": "cypress/reports",
        "overwrite": false,
        "html": false,
        "json": true
      },
      "version": "5.2.0"
    }
  }
}