{"total": {"lines":{"total":61,"covered":61,"skipped":0,"pct":100},"statements":{"total":68,"covered":68,"skipped":0,"pct":100},"functions":{"total":15,"covered":15,"skipped":0,"pct":100},"branches":{"total":41,"covered":39,"skipped":0,"pct":95.12},"branchesTrue":{"total":0,"covered":0,"skipped":0,"pct":"Unknown"}}
,"/home/fernando/Área de Trabalho/trybePortfolio/01-ProjectPortfolio/Project_06-Zoo_Functions/sd-027-a-project-zoo-functions/src/getOpeningHours.js": {"lines":{"total":40,"covered":40,"skipped":0,"pct":100},"functions":{"total":8,"covered":8,"skipped":0,"pct":100},"statements":{"total":44,"covered":44,"skipped":0,"pct":100},"branches":{"total":31,"covered":29,"skipped":0,"pct":93.54}}
,"/home/fernando/Área de Trabalho/trybePortfolio/01-ProjectPortfolio/Project_06-Zoo_Functions/sd-027-a-project-zoo-functions/src/handlerElephants.js": {"lines":{"total":21,"covered":21,"skipped":0,"pct":100},"functions":{"total":7,"covered":7,"skipped":0,"pct":100},"statements":{"total":24,"covered":24,"skipped":0,"pct":100},"branches":{"total":10,"covered":10,"skipped":0,"pct":100}}
}
